
> lesson-10@1.0.0 start
> nodemon app.js

[33m[nodemon] 2.0.15[39m
[33m[nodemon] to restart at any time, enter `rs`[39m
[33m[nodemon] watching path(s): *.*[39m
[33m[nodemon] watching extensions: js,mjs,json[39m
[32m[nodemon] starting `node app.js`[39m
node:events:491
      throw er; // Unhandled 'error' event
      ^

Error: EBADF: bad file descriptor, read
Emitted 'error' event on ReadStream instance at:
    at emitErrorNT (node:internal/streams/destroy:157:8)
    at errorOrDestroy (node:internal/streams/destroy:220:7)
    at node:internal/fs/streams:262:9
    at FSReqCallback.wrapper [as oncomplete] (node:fs:671:5) {
  errno: -9,
  code: 'EBADF',
  syscall: 'read'
}

> lesson-10@1.0.0 start
> nodemon app.js

[33m[nodemon] 2.0.15[39m
[33m[nodemon] to restart at any time, enter `rs`[39m
[33m[nodemon] watching path(s): *.*[39m
[33m[nodemon] watching extensions: js,mjs,json[39m
[32m[nodemon] starting `node app.js`[39m
node:events:491
      throw er; // Unhandled 'error' event
      ^

Error: EBADF: bad file descriptor, read
Emitted 'error' event on ReadStream instance at:
    at emitErrorNT (node:internal/streams/destroy:157:8)
    at errorOrDestroy (node:internal/streams/destroy:220:7)
    at node:internal/fs/streams:262:9
    at FSReqCallback.wrapper [as oncomplete] (node:fs:671:5) {
  errno: -9,
  code: 'EBADF',
  syscall: 'read'
}

> lesson-10@1.0.0 start
> nodemon app.js

[33m[nodemon] 2.0.15[39m
[33m[nodemon] to restart at any time, enter `rs`[39m
[33m[nodemon] watching path(s): *.*[39m
[33m[nodemon] watching extensions: js,mjs,json[39m
[32m[nodemon] starting `node app.js`[39m
node:events:491
      throw er; // Unhandled 'error' event
      ^

Error: EBADF: bad file descriptor, read
Emitted 'error' event on ReadStream instance at:
    at emitErrorNT (node:internal/streams/destroy:157:8)
    at errorOrDestroy (node:internal/streams/destroy:220:7)
    at node:internal/fs/streams:262:9
    at FSReqCallback.wrapper [as oncomplete] (node:fs:671:5) {
  errno: -9,
  code: 'EBADF',
  syscall: 'read'
}

> lesson-10@1.0.0 start
> nodemon app.js

[33m[nodemon] 2.0.15[39m
[33m[nodemon] to restart at any time, enter `rs`[39m
[33m[nodemon] watching path(s): *.*[39m
[33m[nodemon] watching extensions: js,mjs,json[39m
[32m[nodemon] starting `node app.js`[39m
node:events:491
      throw er; // Unhandled 'error' event
      ^

Error: EBADF: bad file descriptor, read
Emitted 'error' event on ReadStream instance at:
    at emitErrorNT (node:internal/streams/destroy:157:8)
    at errorOrDestroy (node:internal/streams/destroy:220:7)
    at node:internal/fs/streams:262:9
    at FSReqCallback.wrapper [as oncomplete] (node:fs:671:5) {
  errno: -9,
  code: 'EBADF',
  syscall: 'read'
}

> lesson-10@1.0.0 start
> nodemon app.js

[33m[nodemon] 2.0.15[39m
[33m[nodemon] to restart at any time, enter `rs`[39m
[33m[nodemon] watching path(s): *.*[39m
[33m[nodemon] watching extensions: js,mjs,json[39m
[32m[nodemon] starting `node app.js`[39m
node:events:491
      throw er; // Unhandled 'error' event
      ^

Error: EBADF: bad file descriptor, read
Emitted 'error' event on ReadStream instance at:
    at emitErrorNT (node:internal/streams/destroy:157:8)
    at errorOrDestroy (node:internal/streams/destroy:220:7)
    at node:internal/fs/streams:262:9
    at FSReqCallback.wrapper [as oncomplete] (node:fs:671:5) {
  errno: -9,
  code: 'EBADF',
  syscall: 'read'
}

> lesson-10@1.0.0 start
> nodemon app.js

[33m[nodemon] 2.0.15[39m
[33m[nodemon] to restart at any time, enter `rs`[39m
[33m[nodemon] watching path(s): *.*[39m
[33m[nodemon] watching extensions: js,mjs,json[39m
[32m[nodemon] starting `node app.js`[39m
node:events:491
      throw er; // Unhandled 'error' event
      ^

Error: EBADF: bad file descriptor, read
Emitted 'error' event on ReadStream instance at:
    at emitErrorNT (node:internal/streams/destroy:157:8)
    at errorOrDestroy (node:internal/streams/destroy:220:7)
    at node:internal/fs/streams:262:9
    at FSReqCallback.wrapper [as oncomplete] (node:fs:671:5) {
  errno: -9,
  code: 'EBADF',
  syscall: 'read'
}

> lesson-10@1.0.0 start
> nodemon app.js

[33m[nodemon] 2.0.15[39m
[33m[nodemon] to restart at any time, enter `rs`[39m
[33m[nodemon] watching path(s): *.*[39m
[33m[nodemon] watching extensions: js,mjs,json[39m
[32m[nodemon] starting `node app.js`[39m
node:events:491
      throw er; // Unhandled 'error' event
      ^

Error: EBADF: bad file descriptor, read
Emitted 'error' event on ReadStream instance at:
    at emitErrorNT (node:internal/streams/destroy:157:8)
    at errorOrDestroy (node:internal/streams/destroy:220:7)
    at node:internal/fs/streams:262:9
    at FSReqCallback.wrapper [as oncomplete] (node:fs:671:5) {
  errno: -9,
  code: 'EBADF',
  syscall: 'read'
}

> lesson-10@1.0.0 start
> nodemon app.js

[33m[nodemon] 2.0.15[39m
[33m[nodemon] to restart at any time, enter `rs`[39m
[33m[nodemon] watching path(s): *.*[39m
[33m[nodemon] watching extensions: js,mjs,json[39m
[32m[nodemon] starting `node app.js`[39m
node:events:491
      throw er; // Unhandled 'error' event
      ^

Error: EBADF: bad file descriptor, read
Emitted 'error' event on ReadStream instance at:
    at emitErrorNT (node:internal/streams/destroy:157:8)
    at errorOrDestroy (node:internal/streams/destroy:220:7)
    at node:internal/fs/streams:262:9
    at FSReqCallback.wrapper [as oncomplete] (node:fs:671:5) {
  errno: -9,
  code: 'EBADF',
  syscall: 'read'
}

> lesson-10@1.0.0 start
> nodemon app.js

[33m[nodemon] 2.0.15[39m
[33m[nodemon] to restart at any time, enter `rs`[39m
[33m[nodemon] watching path(s): *.*[39m
[33m[nodemon] watching extensions: js,mjs,json[39m
[32m[nodemon] starting `node app.js`[39m
Listening in PORT 3000
Pipe data from python script ...
child process close all stdio with code 0
Pipe data from python script ...
child process close all stdio with code 0
Pipe data from python script ...
child process close all stdio with code 0
Pipe data from python script ...
child process close all stdio with code 0
Pipe data from python script ...
child process close all stdio with code 0
[32m[nodemon] restarting child process[39m
[32m[nodemon] starting `node app.js`[39m
Listening in PORT 3000
Pipe data from python script ...
child process close all stdio with code 0
Pipe data from python script ...
child process close all stdio with code 0
Pipe data from python script ...
child process close all stdio with code 0
Pipe data from python script ...
child process close all stdio with code 0
Pipe data from python script ...
child process close all stdio with code 0
Pipe data from python script ...
child process close all stdio with code 0
Pipe data from python script ...
child process close all stdio with code 0
Pipe data from python script ...
child process close all stdio with code 0
Pipe data from python script ...
child process close all stdio with code 0
Pipe data from python script ...
child process close all stdio with code 0
Pipe data from python script ...
child process close all stdio with code 0
Pipe data from python script ...
child process close all stdio with code 0
Pipe data from python script ...
child process close all stdio with code 0
Pipe data from python script ...
child process close all stdio with code 0
Pipe data from python script ...
child process close all stdio with code 0
Pipe data from python script ...
child process close all stdio with code 0
Pipe data from python script ...
child process close all stdio with code 0
Pipe data from python script ...
child process close all stdio with code 0
Pipe data from python script ...
child process close all stdio with code 0
Pipe data from python script ...
child process close all stdio with code 0
Pipe data from python script ...
child process close all stdio with code 0
Pipe data from python script ...
child process close all stdio with code 0
Pipe data from python script ...
child process close all stdio with code 0
[32m[nodemon] restarting due to changes...[39m
[32m[nodemon] starting `node app.js`[39m
Listening in PORT 3000
Pipe data from python script ...
child process close all stdio with code 0
[32m[nodemon] restarting due to changes...[39m
[32m[nodemon] starting `node app.js`[39m
Listening in PORT 3000
Pipe data from python script ...
child process close all stdio with code 0
[32m[nodemon] restarting due to changes...[39m
[32m[nodemon] starting `node app.js`[39m
Listening in PORT 3000
Pipe data from python script ...
child process close all stdio with code 0
[32m[nodemon] restarting due to changes...[39m
[32m[nodemon] starting `node app.js`[39m
Listening in PORT 3000
Pipe data from python script ...
child process close all stdio with code 0
[32m[nodemon] restarting due to changes...[39m
[32m[nodemon] starting `node app.js`[39m
Listening in PORT 3000
Pipe data from python script ...
child process close all stdio with code 0
Pipe data from python script ...
child process close all stdio with code 0
Pipe data from python script ...
child process close all stdio with code 0
[32m[nodemon] restarting due to changes...[39m
[32m[nodemon] starting `node app.js`[39m
Listening in PORT 3000
Pipe data from python script ...
child process close all stdio with code 0
[32m[nodemon] restarting due to changes...[39m
[32m[nodemon] starting `node app.js`[39m
Listening in PORT 3000
Pipe data from python script ...
child process close all stdio with code 0
Pipe data from python script ...
child process close all stdio with code 0
Pipe data from python script ...
child process close all stdio with code 0
Pipe data from python script ...
child process close all stdio with code 0
Pipe data from python script ...
child process close all stdio with code 0
Pipe data from python script ...
child process close all stdio with code 0
Pipe data from python script ...
child process close all stdio with code 0
